<?xml version="1.0" encoding="UTF-8"?>
<!-- Generated by org.testng.reporters.JUnitReportReporter -->
<testsuite skipped="0" hostname="NDI-LAP-715" name="architect.batch2.api.testCases.VerifyGetUserAPI" tests="1" failures="0" timestamp="28 Apr 2018 18:11:01 GMT" time="2.053" errors="0">
  <testcase name="verifyCreateUserAPI" time="2.053" classname="architect.batch2.api.testCases.VerifyGetUserAPI"/>
</testsuite> <!-- architect.batch2.api.testCases.VerifyGetUserAPI -->
