<?xml version="1.0" encoding="UTF-8"?>
<!-- Generated by org.testng.reporters.JUnitReportReporter -->
<testsuite skipped="0" hostname="NDI-LAP-715" name="architect.batch2.api.testCases.VerifyGetUserAPI" tests="1" failures="0" timestamp="29 Apr 2018 02:39:39 GMT" time="3.486" errors="0">
  <testcase name="verifyCreateUserAPI" time="3.486" classname="architect.batch2.api.testCases.VerifyGetUserAPI"/>
</testsuite> <!-- architect.batch2.api.testCases.VerifyGetUserAPI -->
